<?xml version="1.0" encoding="UTF-8"?>
<!-- Generated by org.testng.reporters.JUnitReportReporter -->
<testsuite hostname="keerthana" failures="0" tests="8" name="com.testing.AppTest" time="13.080" errors="0" timestamp="2026-06-07T23:29:28 IST" skipped="0">
  <testcase classname="com.testing.AppTest" name="InvalidPassword" time="1.654"/>
  <testcase classname="com.testing.AppTest" name="validateEmptyBox" time="1.706"/>
  <testcase classname="com.testing.AppTest" name="verifyUsernamePlaceholder" time="1.633"/>
  <testcase classname="com.testing.AppTest" name="InvalidUser" time="1.408"/>
  <testcase classname="com.testing.AppTest" name="EmptyPassword" time="1.424"/>
  <testcase classname="com.testing.AppTest" name="verifyPasswordPlaceholder" time="1.687"/>
  <testcase classname="com.testing.AppTest" name="validCridential" time="2.093"/>
  <testcase classname="com.testing.AppTest" name="loginPageTitlet" time="1.475"/>
</testsuite> <!-- com.testing.AppTest -->
