<?xml version="1.0" encoding="UTF-8"?>
<!-- Generated by org.testng.reporters.JUnitReportReporter -->
<testsuite hostname="keerthana" failures="0" tests="9" name="com.testing.FeeCalculatorPageTest" time="20.134" errors="0" timestamp="2026-06-07T23:29:28 IST" skipped="0">
  <testcase classname="com.testing.FeeCalculatorPageTest" name="FeeCalculatorPageTitlet" time="1.971"/>
  <testcase classname="com.testing.FeeCalculatorPageTest" name="validateEmptyBox" time="2.090"/>
  <testcase classname="com.testing.FeeCalculatorPageTest" name="verifystudentNamePlaceholder" time="1.804"/>
  <testcase classname="com.testing.FeeCalculatorPageTest" name="verifyCourseSelection" time="1.968"/>
  <testcase classname="com.testing.FeeCalculatorPageTest" name="verifyDiscountNumber1" time="2.628"/>
  <testcase classname="com.testing.FeeCalculatorPageTest" name="verifyDiscountNumber2" time="2.652"/>
  <testcase classname="com.testing.FeeCalculatorPageTest" name="CalculateSoftwareTestingfee" time="2.369"/>
  <testcase classname="com.testing.FeeCalculatorPageTest" name="verifyDiscountNumber" time="2.496"/>
  <testcase classname="com.testing.FeeCalculatorPageTest" name="CalculateJavaFullStackfee" time="2.156"/>
</testsuite> <!-- com.testing.FeeCalculatorPageTest -->
