<?xml version="1.0" encoding="UTF-8"?>
<!-- Generated by org.testng.reporters.JUnitReportReporter -->
<testsuite hostname="keerthana" failures="0" tests="8" name="com.testing.FeedbackPageTest" time="15.154" errors="0" timestamp="2026-06-07T23:29:28 IST" skipped="0">
  <testcase classname="com.testing.FeedbackPageTest" name="validateFeedbacksubmit" time="2.337"/>
  <testcase classname="com.testing.FeedbackPageTest" name="validateconfirmation" time="2.205"/>
  <testcase classname="com.testing.FeedbackPageTest" name="validateEmptyBox" time="1.828"/>
  <testcase classname="com.testing.FeedbackPageTest" name="testRatingRequired" time="1.954"/>
  <testcase classname="com.testing.FeedbackPageTest" name="testcommentsRequired" time="2.075"/>
  <testcase classname="com.testing.FeedbackPageTest" name="verifycommentsPlaceholder" time="1.557"/>
  <testcase classname="com.testing.FeedbackPageTest" name="verifystudentNamePlaceholder" time="1.587"/>
  <testcase classname="com.testing.FeedbackPageTest" name="FeedbackPageTitlet" time="1.611"/>
</testsuite> <!-- com.testing.FeedbackPageTest -->
