<?xml version="1.0" encoding="UTF-8"?>
<!-- Generated by org.testng.reporters.JUnitReportReporter -->
<testsuite hostname="keerthana" failures="0" tests="10" name="com.testing.CourseEnquiryPageTest" time="19.988" errors="0" timestamp="2026-06-07T23:29:28 IST" skipped="0">
  <testcase classname="com.testing.CourseEnquiryPageTest" name="CourseEnquiryPageTitlet" time="1.567"/>
  <testcase classname="com.testing.CourseEnquiryPageTest" name="verifyemailPlaceholder" time="2.001"/>
  <testcase classname="com.testing.CourseEnquiryPageTest" name="usernameTest" time="1.862"/>
  <testcase classname="com.testing.CourseEnquiryPageTest" name="verifyCourseSelection" time="2.758"/>
  <testcase classname="com.testing.CourseEnquiryPageTest" name="validateEmptyBox" time="1.734"/>
  <testcase classname="com.testing.CourseEnquiryPageTest" name="verifymobilePlaceholder" time="2.013"/>
  <testcase classname="com.testing.CourseEnquiryPageTest" name="verifystudentNamePlaceholder" time="1.680"/>
  <testcase classname="com.testing.CourseEnquiryPageTest" name="invalidemail" time="1.866"/>
  <testcase classname="com.testing.CourseEnquiryPageTest" name="ivalidmobile" time="2.404"/>
  <testcase classname="com.testing.CourseEnquiryPageTest" name="courseTest" time="2.103"/>
</testsuite> <!-- com.testing.CourseEnquiryPageTest -->
