<?xml version="1.0" encoding="UTF-8"?>
<testng-results ignored="0" total="35" passed="35" failed="0" skipped="0">
  <reporter-output>
  </reporter-output>
  <suite started-at="2026-06-07T23:28:19 IST" name="Surefire suite" finished-at="2026-06-07T23:29:28 IST" duration-ms="68456">
    <groups>
    </groups>
    <test started-at="2026-06-07T23:28:19 IST" name="Surefire test" finished-at="2026-06-07T23:29:28 IST" duration-ms="68456">
      <class name="com.testing.CourseEnquiryPageTest">
        <test-method is-config="true" signature="setup()[pri:0, instance:com.testing.CourseEnquiryPageTest@6295d394]" started-at="2026-06-07T23:28:33 IST" name="setup" finished-at="2026-06-07T23:28:34 IST" duration-ms="1344" status="PASS">
          <reporter-output>
          </reporter-output>
        </test-method> <!-- setup -->
        <test-method signature="CourseEnquiryPageTitlet()[pri:0, instance:com.testing.CourseEnquiryPageTest@6295d394]" started-at="2026-06-07T23:28:34 IST" name="CourseEnquiryPageTitlet" finished-at="2026-06-07T23:28:34 IST" duration-ms="15" status="PASS">
          <reporter-output>
          </reporter-output>
        </test-method> <!-- CourseEnquiryPageTitlet -->
        <test-method is-config="true" signature="closeBrowser()[pri:0, instance:com.testing.CourseEnquiryPageTest@6295d394]" started-at="2026-06-07T23:28:34 IST" name="closeBrowser" finished-at="2026-06-07T23:28:34 IST" duration-ms="208" status="PASS">
          <reporter-output>
          </reporter-output>
        </test-method> <!-- closeBrowser -->
        <test-method is-config="true" signature="setup()[pri:0, instance:com.testing.CourseEnquiryPageTest@6295d394]" started-at="2026-06-07T23:28:34 IST" name="setup" finished-at="2026-06-07T23:28:36 IST" duration-ms="1333" status="PASS">
          <reporter-output>
          </reporter-output>
        </test-method> <!-- setup -->
        <test-method signature="courseTest()[pri:0, instance:com.testing.CourseEnquiryPageTest@6295d394]" started-at="2026-06-07T23:28:36 IST" name="courseTest" finished-at="2026-06-07T23:28:36 IST" duration-ms="591" status="PASS">
          <reporter-output>
          </reporter-output>
        </test-method> <!-- courseTest -->
        <test-method is-config="true" signature="closeBrowser()[pri:0, instance:com.testing.CourseEnquiryPageTest@6295d394]" started-at="2026-06-07T23:28:36 IST" name="closeBrowser" finished-at="2026-06-07T23:28:36 IST" duration-ms="209" status="PASS">
          <reporter-output>
          </reporter-output>
        </test-method> <!-- closeBrowser -->
        <test-method is-config="true" signature="setup()[pri:0, instance:com.testing.CourseEnquiryPageTest@6295d394]" started-at="2026-06-07T23:28:36 IST" name="setup" finished-at="2026-06-07T23:28:38 IST" duration-ms="1285" status="PASS">
          <reporter-output>
          </reporter-output>
        </test-method> <!-- setup -->
        <test-method signature="invalidemail()[pri:0, instance:com.testing.CourseEnquiryPageTest@6295d394]" started-at="2026-06-07T23:28:38 IST" name="invalidemail" finished-at="2026-06-07T23:28:38 IST" duration-ms="408" status="PASS">
          <reporter-output>
          </reporter-output>
        </test-method> <!-- invalidemail -->
        <test-method is-config="true" signature="closeBrowser()[pri:0, instance:com.testing.CourseEnquiryPageTest@6295d394]" started-at="2026-06-07T23:28:38 IST" name="closeBrowser" finished-at="2026-06-07T23:28:38 IST" duration-ms="194" status="PASS">
          <reporter-output>
          </reporter-output>
        </test-method> <!-- closeBrowser -->
        <test-method is-config="true" signature="setup()[pri:0, instance:com.testing.CourseEnquiryPageTest@6295d394]" started-at="2026-06-07T23:28:38 IST" name="setup" finished-at="2026-06-07T23:28:39 IST" duration-ms="1274" status="PASS">
          <reporter-output>
          </reporter-output>
        </test-method> <!-- setup -->
        <test-method signature="ivalidmobile()[pri:0, instance:com.testing.CourseEnquiryPageTest@6295d394]" started-at="2026-06-07T23:28:39 IST" name="ivalidmobile" finished-at="2026-06-07T23:28:40 IST" duration-ms="489" status="PASS">
          <reporter-output>
          </reporter-output>
        </test-method> <!-- ivalidmobile -->
        <test-method is-config="true" signature="closeBrowser()[pri:0, instance:com.testing.CourseEnquiryPageTest@6295d394]" started-at="2026-06-07T23:28:40 IST" name="closeBrowser" finished-at="2026-06-07T23:28:40 IST" duration-ms="238" status="PASS">
          <reporter-output>
          </reporter-output>
        </test-method> <!-- closeBrowser -->
        <test-method is-config="true" signature="setup()[pri:0, instance:com.testing.CourseEnquiryPageTest@6295d394]" started-at="2026-06-07T23:28:40 IST" name="setup" finished-at="2026-06-07T23:28:42 IST" duration-ms="1547" status="PASS">
          <reporter-output>
          </reporter-output>
        </test-method> <!-- setup -->
        <test-method signature="usernameTest()[pri:0, instance:com.testing.CourseEnquiryPageTest@6295d394]" started-at="2026-06-07T23:28:42 IST" name="usernameTest" finished-at="2026-06-07T23:28:42 IST" duration-ms="300" status="PASS">
          <reporter-output>
          </reporter-output>
        </test-method> <!-- usernameTest -->
        <test-method is-config="true" signature="closeBrowser()[pri:0, instance:com.testing.CourseEnquiryPageTest@6295d394]" started-at="2026-06-07T23:28:42 IST" name="closeBrowser" finished-at="2026-06-07T23:28:42 IST" duration-ms="173" status="PASS">
          <reporter-output>
          </reporter-output>
        </test-method> <!-- closeBrowser -->
        <test-method is-config="true" signature="setup()[pri:0, instance:com.testing.CourseEnquiryPageTest@6295d394]" started-at="2026-06-07T23:28:42 IST" name="setup" finished-at="2026-06-07T23:28:43 IST" duration-ms="1279" status="PASS">
          <reporter-output>
          </reporter-output>
        </test-method> <!-- setup -->
        <test-method signature="validateEmptyBox()[pri:0, instance:com.testing.CourseEnquiryPageTest@6295d394]" started-at="2026-06-07T23:28:43 IST" name="validateEmptyBox" finished-at="2026-06-07T23:28:44 IST" duration-ms="192" status="PASS">
          <reporter-output>
          </reporter-output>
        </test-method> <!-- validateEmptyBox -->
        <test-method is-config="true" signature="closeBrowser()[pri:0, instance:com.testing.CourseEnquiryPageTest@6295d394]" started-at="2026-06-07T23:28:44 IST" name="closeBrowser" finished-at="2026-06-07T23:28:44 IST" duration-ms="191" status="PASS">
          <reporter-output>
          </reporter-output>
        </test-method> <!-- closeBrowser -->
        <test-method is-config="true" signature="setup()[pri:0, instance:com.testing.CourseEnquiryPageTest@6295d394]" started-at="2026-06-07T23:28:44 IST" name="setup" finished-at="2026-06-07T23:28:45 IST" duration-ms="1371" status="PASS">
          <reporter-output>
          </reporter-output>
        </test-method> <!-- setup -->
        <test-method signature="verifyCourseSelection()[pri:0, instance:com.testing.CourseEnquiryPageTest@6295d394]" started-at="2026-06-07T23:28:45 IST" name="verifyCourseSelection" finished-at="2026-06-07T23:28:46 IST" duration-ms="1017" status="PASS">
          <reporter-output>
          </reporter-output>
        </test-method> <!-- verifyCourseSelection -->
        <test-method is-config="true" signature="closeBrowser()[pri:0, instance:com.testing.CourseEnquiryPageTest@6295d394]" started-at="2026-06-07T23:28:46 IST" name="closeBrowser" finished-at="2026-06-07T23:28:46 IST" duration-ms="213" status="PASS">
          <reporter-output>
          </reporter-output>
        </test-method> <!-- closeBrowser -->
        <test-method is-config="true" signature="setup()[pri:0, instance:com.testing.CourseEnquiryPageTest@6295d394]" started-at="2026-06-07T23:28:46 IST" name="setup" finished-at="2026-06-07T23:28:48 IST" duration-ms="1685" status="PASS">
          <reporter-output>
          </reporter-output>
        </test-method> <!-- setup -->
        <test-method signature="verifyemailPlaceholder()[pri:0, instance:com.testing.CourseEnquiryPageTest@6295d394]" started-at="2026-06-07T23:28:48 IST" name="verifyemailPlaceholder" finished-at="2026-06-07T23:28:48 IST" duration-ms="59" status="PASS">
          <reporter-output>
          </reporter-output>
        </test-method> <!-- verifyemailPlaceholder -->
        <test-method is-config="true" signature="closeBrowser()[pri:0, instance:com.testing.CourseEnquiryPageTest@6295d394]" started-at="2026-06-07T23:28:48 IST" name="closeBrowser" finished-at="2026-06-07T23:28:48 IST" duration-ms="257" status="PASS">
          <reporter-output>
          </reporter-output>
        </test-method> <!-- closeBrowser -->
        <test-method is-config="true" signature="setup()[pri:0, instance:com.testing.CourseEnquiryPageTest@6295d394]" started-at="2026-06-07T23:28:48 IST" name="setup" finished-at="2026-06-07T23:28:50 IST" duration-ms="1707" status="PASS">
          <reporter-output>
          </reporter-output>
        </test-method> <!-- setup -->
        <test-method signature="verifymobilePlaceholder()[pri:0, instance:com.testing.CourseEnquiryPageTest@6295d394]" started-at="2026-06-07T23:28:50 IST" name="verifymobilePlaceholder" finished-at="2026-06-07T23:28:50 IST" duration-ms="72" status="PASS">
          <reporter-output>
          </reporter-output>
        </test-method> <!-- verifymobilePlaceholder -->
        <test-method is-config="true" signature="closeBrowser()[pri:0, instance:com.testing.CourseEnquiryPageTest@6295d394]" started-at="2026-06-07T23:28:50 IST" name="closeBrowser" finished-at="2026-06-07T23:28:51 IST" duration-ms="273" status="PASS">
          <reporter-output>
          </reporter-output>
        </test-method> <!-- closeBrowser -->
        <test-method is-config="true" signature="setup()[pri:0, instance:com.testing.CourseEnquiryPageTest@6295d394]" started-at="2026-06-07T23:28:51 IST" name="setup" finished-at="2026-06-07T23:28:52 IST" duration-ms="1728" status="PASS">
          <reporter-output>
          </reporter-output>
        </test-method> <!-- setup -->
        <test-method signature="verifystudentNamePlaceholder()[pri:0, instance:com.testing.CourseEnquiryPageTest@6295d394]" started-at="2026-06-07T23:28:52 IST" name="verifystudentNamePlaceholder" finished-at="2026-06-07T23:28:52 IST" duration-ms="61" status="PASS">
          <reporter-output>
          </reporter-output>
        </test-method> <!-- verifystudentNamePlaceholder -->
        <test-method is-config="true" signature="closeBrowser()[pri:0, instance:com.testing.CourseEnquiryPageTest@6295d394]" started-at="2026-06-07T23:28:52 IST" name="closeBrowser" finished-at="2026-06-07T23:28:53 IST" duration-ms="275" status="PASS">
          <reporter-output>
          </reporter-output>
        </test-method> <!-- closeBrowser -->
      </class> <!-- com.testing.CourseEnquiryPageTest -->
      <class name="com.testing.FeedbackPageTest">
        <test-method is-config="true" signature="setup()[pri:0, instance:com.testing.FeedbackPageTest@657c8ad9]" started-at="2026-06-07T23:29:13 IST" name="setup" finished-at="2026-06-07T23:29:14 IST" duration-ms="1383" status="PASS">
          <reporter-output>
          </reporter-output>
        </test-method> <!-- setup -->
        <test-method signature="FeedbackPageTitlet()[pri:0, instance:com.testing.FeedbackPageTest@657c8ad9]" started-at="2026-06-07T23:29:14 IST" name="FeedbackPageTitlet" finished-at="2026-06-07T23:29:14 IST" duration-ms="16" status="PASS">
          <reporter-output>
          </reporter-output>
        </test-method> <!-- FeedbackPageTitlet -->
        <test-method is-config="true" signature="closeBrowser()[pri:0, instance:com.testing.FeedbackPageTest@657c8ad9]" started-at="2026-06-07T23:29:14 IST" name="closeBrowser" finished-at="2026-06-07T23:29:14 IST" duration-ms="228" status="PASS">
          <reporter-output>
          </reporter-output>
        </test-method> <!-- closeBrowser -->
        <test-method is-config="true" signature="setup()[pri:0, instance:com.testing.FeedbackPageTest@657c8ad9]" started-at="2026-06-07T23:29:14 IST" name="setup" finished-at="2026-06-07T23:29:16 IST" duration-ms="1353" status="PASS">
          <reporter-output>
          </reporter-output>
        </test-method> <!-- setup -->
        <test-method signature="testRatingRequired()[pri:0, instance:com.testing.FeedbackPageTest@657c8ad9]" started-at="2026-06-07T23:29:16 IST" name="testRatingRequired" finished-at="2026-06-07T23:29:16 IST" duration-ms="379" status="PASS">
          <reporter-output>
          </reporter-output>
        </test-method> <!-- testRatingRequired -->
        <test-method is-config="true" signature="closeBrowser()[pri:0, instance:com.testing.FeedbackPageTest@657c8ad9]" started-at="2026-06-07T23:29:16 IST" name="closeBrowser" finished-at="2026-06-07T23:29:16 IST" duration-ms="198" status="PASS">
          <reporter-output>
          </reporter-output>
        </test-method> <!-- closeBrowser -->
        <test-method is-config="true" signature="setup()[pri:0, instance:com.testing.FeedbackPageTest@657c8ad9]" started-at="2026-06-07T23:29:16 IST" name="setup" finished-at="2026-06-07T23:29:18 IST" duration-ms="1347" status="PASS">
          <reporter-output>
          </reporter-output>
        </test-method> <!-- setup -->
        <test-method signature="testcommentsRequired()[pri:0, instance:com.testing.FeedbackPageTest@657c8ad9]" started-at="2026-06-07T23:29:18 IST" name="testcommentsRequired" finished-at="2026-06-07T23:29:18 IST" duration-ms="547" status="PASS">
          <reporter-output>
          </reporter-output>
        </test-method> <!-- testcommentsRequired -->
        <test-method is-config="true" signature="closeBrowser()[pri:0, instance:com.testing.FeedbackPageTest@657c8ad9]" started-at="2026-06-07T23:29:18 IST" name="closeBrowser" finished-at="2026-06-07T23:29:18 IST" duration-ms="206" status="PASS">
          <reporter-output>
          </reporter-output>
        </test-method> <!-- closeBrowser -->
        <test-method is-config="true" signature="setup()[pri:0, instance:com.testing.FeedbackPageTest@657c8ad9]" started-at="2026-06-07T23:29:18 IST" name="setup" finished-at="2026-06-07T23:29:20 IST" duration-ms="1343" status="PASS">
          <reporter-output>
          </reporter-output>
        </test-method> <!-- setup -->
        <test-method signature="validateEmptyBox()[pri:0, instance:com.testing.FeedbackPageTest@657c8ad9]" started-at="2026-06-07T23:29:20 IST" name="validateEmptyBox" finished-at="2026-06-07T23:29:20 IST" duration-ms="197" status="PASS">
          <reporter-output>
          </reporter-output>
        </test-method> <!-- validateEmptyBox -->
        <test-method is-config="true" signature="closeBrowser()[pri:0, instance:com.testing.FeedbackPageTest@657c8ad9]" started-at="2026-06-07T23:29:20 IST" name="closeBrowser" finished-at="2026-06-07T23:29:20 IST" duration-ms="180" status="PASS">
          <reporter-output>
          </reporter-output>
        </test-method> <!-- closeBrowser -->
        <test-method is-config="true" signature="setup()[pri:0, instance:com.testing.FeedbackPageTest@657c8ad9]" started-at="2026-06-07T23:29:20 IST" name="setup" finished-at="2026-06-07T23:29:21 IST" duration-ms="1348" status="PASS">
          <reporter-output>
          </reporter-output>
        </test-method> <!-- setup -->
        <test-method signature="validateFeedbacksubmit()[pri:0, instance:com.testing.FeedbackPageTest@657c8ad9]" started-at="2026-06-07T23:29:21 IST" name="validateFeedbacksubmit" finished-at="2026-06-07T23:29:22 IST" duration-ms="720" status="PASS">
          <reporter-output>
          </reporter-output>
        </test-method> <!-- validateFeedbacksubmit -->
        <test-method is-config="true" signature="closeBrowser()[pri:0, instance:com.testing.FeedbackPageTest@657c8ad9]" started-at="2026-06-07T23:29:22 IST" name="closeBrowser" finished-at="2026-06-07T23:29:22 IST" duration-ms="184" status="PASS">
          <reporter-output>
          </reporter-output>
        </test-method> <!-- closeBrowser -->
        <test-method is-config="true" signature="setup()[pri:0, instance:com.testing.FeedbackPageTest@657c8ad9]" started-at="2026-06-07T23:29:22 IST" name="setup" finished-at="2026-06-07T23:29:24 IST" duration-ms="1299" status="PASS">
          <reporter-output>
          </reporter-output>
        </test-method> <!-- setup -->
        <test-method signature="validateconfirmation()[pri:0, instance:com.testing.FeedbackPageTest@657c8ad9]" started-at="2026-06-07T23:29:24 IST" name="validateconfirmation" finished-at="2026-06-07T23:29:24 IST" duration-ms="644" status="PASS">
          <reporter-output>
          </reporter-output>
        </test-method> <!-- validateconfirmation -->
        <test-method is-config="true" signature="closeBrowser()[pri:0, instance:com.testing.FeedbackPageTest@657c8ad9]" started-at="2026-06-07T23:29:24 IST" name="closeBrowser" finished-at="2026-06-07T23:29:25 IST" duration-ms="199" status="PASS">
          <reporter-output>
          </reporter-output>
        </test-method> <!-- closeBrowser -->
        <test-method is-config="true" signature="setup()[pri:0, instance:com.testing.FeedbackPageTest@657c8ad9]" started-at="2026-06-07T23:29:25 IST" name="setup" finished-at="2026-06-07T23:29:26 IST" duration-ms="1396" status="PASS">
          <reporter-output>
          </reporter-output>
        </test-method> <!-- setup -->
        <test-method signature="verifycommentsPlaceholder()[pri:0, instance:com.testing.FeedbackPageTest@657c8ad9]" started-at="2026-06-07T23:29:26 IST" name="verifycommentsPlaceholder" finished-at="2026-06-07T23:29:26 IST" duration-ms="60" status="PASS">
          <reporter-output>
          </reporter-output>
        </test-method> <!-- verifycommentsPlaceholder -->
        <test-method is-config="true" signature="closeBrowser()[pri:0, instance:com.testing.FeedbackPageTest@657c8ad9]" started-at="2026-06-07T23:29:26 IST" name="closeBrowser" finished-at="2026-06-07T23:29:26 IST" duration-ms="248" status="PASS">
          <reporter-output>
          </reporter-output>
        </test-method> <!-- closeBrowser -->
        <test-method is-config="true" signature="setup()[pri:0, instance:com.testing.FeedbackPageTest@657c8ad9]" started-at="2026-06-07T23:29:26 IST" name="setup" finished-at="2026-06-07T23:29:28 IST" duration-ms="1411" status="PASS">
          <reporter-output>
          </reporter-output>
        </test-method> <!-- setup -->
        <test-method signature="verifystudentNamePlaceholder()[pri:0, instance:com.testing.FeedbackPageTest@657c8ad9]" started-at="2026-06-07T23:29:28 IST" name="verifystudentNamePlaceholder" finished-at="2026-06-07T23:29:28 IST" duration-ms="50" status="PASS">
          <reporter-output>
          </reporter-output>
        </test-method> <!-- verifystudentNamePlaceholder -->
        <test-method is-config="true" signature="closeBrowser()[pri:0, instance:com.testing.FeedbackPageTest@657c8ad9]" started-at="2026-06-07T23:29:28 IST" name="closeBrowser" finished-at="2026-06-07T23:29:28 IST" duration-ms="218" status="PASS">
          <reporter-output>
          </reporter-output>
        </test-method> <!-- closeBrowser -->
      </class> <!-- com.testing.FeedbackPageTest -->
      <class name="com.testing.FeeCalculatorPageTest">
        <test-method is-config="true" signature="setup()[pri:0, instance:com.testing.FeeCalculatorPageTest@475e586c]" started-at="2026-06-07T23:28:53 IST" name="setup" finished-at="2026-06-07T23:28:54 IST" duration-ms="1722" status="PASS">
          <reporter-output>
          </reporter-output>
        </test-method> <!-- setup -->
        <test-method signature="CalculateJavaFullStackfee()[pri:0, instance:com.testing.FeeCalculatorPageTest@475e586c]" started-at="2026-06-07T23:28:54 IST" name="CalculateJavaFullStackfee" finished-at="2026-06-07T23:28:55 IST" duration-ms="591" status="PASS">
          <reporter-output>
          </reporter-output>
        </test-method> <!-- CalculateJavaFullStackfee -->
        <test-method is-config="true" signature="closeBrowser()[pri:0, instance:com.testing.FeeCalculatorPageTest@475e586c]" started-at="2026-06-07T23:28:55 IST" name="closeBrowser" finished-at="2026-06-07T23:28:55 IST" duration-ms="263" status="PASS">
          <reporter-output>
          </reporter-output>
        </test-method> <!-- closeBrowser -->
        <test-method is-config="true" signature="setup()[pri:0, instance:com.testing.FeeCalculatorPageTest@475e586c]" started-at="2026-06-07T23:28:55 IST" name="setup" finished-at="2026-06-07T23:28:57 IST" duration-ms="1702" status="PASS">
          <reporter-output>
          </reporter-output>
        </test-method> <!-- setup -->
        <test-method signature="CalculateSoftwareTestingfee()[pri:0, instance:com.testing.FeeCalculatorPageTest@475e586c]" started-at="2026-06-07T23:28:57 IST" name="CalculateSoftwareTestingfee" finished-at="2026-06-07T23:28:58 IST" duration-ms="627" status="PASS">
          <reporter-output>
          </reporter-output>
        </test-method> <!-- CalculateSoftwareTestingfee -->
        <test-method is-config="true" signature="closeBrowser()[pri:0, instance:com.testing.FeeCalculatorPageTest@475e586c]" started-at="2026-06-07T23:28:58 IST" name="closeBrowser" finished-at="2026-06-07T23:28:58 IST" duration-ms="274" status="PASS">
          <reporter-output>
          </reporter-output>
        </test-method> <!-- closeBrowser -->
        <test-method is-config="true" signature="setup()[pri:0, instance:com.testing.FeeCalculatorPageTest@475e586c]" started-at="2026-06-07T23:28:58 IST" name="setup" finished-at="2026-06-07T23:28:59 IST" duration-ms="1575" status="PASS">
          <reporter-output>
          </reporter-output>
        </test-method> <!-- setup -->
        <test-method signature="FeeCalculatorPageTitlet()[pri:0, instance:com.testing.FeeCalculatorPageTest@475e586c]" started-at="2026-06-07T23:28:59 IST" name="FeeCalculatorPageTitlet" finished-at="2026-06-07T23:28:59 IST" duration-ms="19" status="PASS">
          <reporter-output>
          </reporter-output>
        </test-method> <!-- FeeCalculatorPageTitlet -->
        <test-method is-config="true" signature="closeBrowser()[pri:0, instance:com.testing.FeeCalculatorPageTest@475e586c]" started-at="2026-06-07T23:28:59 IST" name="closeBrowser" finished-at="2026-06-07T23:29:00 IST" duration-ms="369" status="PASS">
          <reporter-output>
          </reporter-output>
        </test-method> <!-- closeBrowser -->
        <test-method is-config="true" signature="setup()[pri:0, instance:com.testing.FeeCalculatorPageTest@475e586c]" started-at="2026-06-07T23:29:00 IST" name="setup" finished-at="2026-06-07T23:29:02 IST" duration-ms="1911" status="PASS">
          <reporter-output>
          </reporter-output>
        </test-method> <!-- setup -->
        <test-method signature="validateEmptyBox()[pri:0, instance:com.testing.FeeCalculatorPageTest@475e586c]" started-at="2026-06-07T23:29:02 IST" name="validateEmptyBox" finished-at="2026-06-07T23:29:02 IST" duration-ms="247" status="PASS">
          <reporter-output>
          </reporter-output>
        </test-method> <!-- validateEmptyBox -->
        <test-method is-config="true" signature="closeBrowser()[pri:0, instance:com.testing.FeeCalculatorPageTest@475e586c]" started-at="2026-06-07T23:29:02 IST" name="closeBrowser" finished-at="2026-06-07T23:29:02 IST" duration-ms="250" status="PASS">
          <reporter-output>
          </reporter-output>
        </test-method> <!-- closeBrowser -->
        <test-method is-config="true" signature="setup()[pri:0, instance:com.testing.FeeCalculatorPageTest@475e586c]" started-at="2026-06-07T23:29:02 IST" name="setup" finished-at="2026-06-07T23:29:04 IST" duration-ms="1569" status="PASS">
          <reporter-output>
          </reporter-output>
        </test-method> <!-- setup -->
        <test-method signature="verifyCourseSelection()[pri:0, instance:com.testing.FeeCalculatorPageTest@475e586c]" started-at="2026-06-07T23:29:04 IST" name="verifyCourseSelection" finished-at="2026-06-07T23:29:04 IST" duration-ms="415" status="PASS">
          <reporter-output>
          </reporter-output>
        </test-method> <!-- verifyCourseSelection -->
        <test-method is-config="true" signature="closeBrowser()[pri:0, instance:com.testing.FeeCalculatorPageTest@475e586c]" started-at="2026-06-07T23:29:04 IST" name="closeBrowser" finished-at="2026-06-07T23:29:04 IST" duration-ms="167" status="PASS">
          <reporter-output>
          </reporter-output>
        </test-method> <!-- closeBrowser -->
        <test-method is-config="true" signature="setup()[pri:0, instance:com.testing.FeeCalculatorPageTest@475e586c]" started-at="2026-06-07T23:29:04 IST" name="setup" finished-at="2026-06-07T23:29:06 IST" duration-ms="1287" status="PASS">
          <reporter-output>
          </reporter-output>
        </test-method> <!-- setup -->
        <test-method signature="verifyDiscountNumber()[pri:0, instance:com.testing.FeeCalculatorPageTest@475e586c]" started-at="2026-06-07T23:29:06 IST" name="verifyDiscountNumber" finished-at="2026-06-07T23:29:06 IST" duration-ms="603" status="PASS">
          <reporter-output>
          </reporter-output>
        </test-method> <!-- verifyDiscountNumber -->
        <test-method is-config="true" signature="closeBrowser()[pri:0, instance:com.testing.FeeCalculatorPageTest@475e586c]" started-at="2026-06-07T23:29:06 IST" name="closeBrowser" finished-at="2026-06-07T23:29:07 IST" duration-ms="466" status="PASS">
          <reporter-output>
          </reporter-output>
        </test-method> <!-- closeBrowser -->
        <test-method is-config="true" signature="setup()[pri:0, instance:com.testing.FeeCalculatorPageTest@475e586c]" started-at="2026-06-07T23:29:07 IST" name="setup" finished-at="2026-06-07T23:29:08 IST" duration-ms="1634" status="PASS">
          <reporter-output>
          </reporter-output>
        </test-method> <!-- setup -->
        <test-method signature="verifyDiscountNumber1()[pri:0, instance:com.testing.FeeCalculatorPageTest@475e586c]" started-at="2026-06-07T23:29:08 IST" name="verifyDiscountNumber1" finished-at="2026-06-07T23:29:09 IST" duration-ms="493" status="PASS">
          <reporter-output>
          </reporter-output>
        </test-method> <!-- verifyDiscountNumber1 -->
        <test-method is-config="true" signature="closeBrowser()[pri:0, instance:com.testing.FeeCalculatorPageTest@475e586c]" started-at="2026-06-07T23:29:09 IST" name="closeBrowser" finished-at="2026-06-07T23:29:09 IST" duration-ms="196" status="PASS">
          <reporter-output>
          </reporter-output>
        </test-method> <!-- closeBrowser -->
        <test-method is-config="true" signature="setup()[pri:0, instance:com.testing.FeeCalculatorPageTest@475e586c]" started-at="2026-06-07T23:29:09 IST" name="setup" finished-at="2026-06-07T23:29:10 IST" duration-ms="1290" status="PASS">
          <reporter-output>
          </reporter-output>
        </test-method> <!-- setup -->
        <test-method signature="verifyDiscountNumber2()[pri:0, instance:com.testing.FeeCalculatorPageTest@475e586c]" started-at="2026-06-07T23:29:10 IST" name="verifyDiscountNumber2" finished-at="2026-06-07T23:29:11 IST" duration-ms="561" status="PASS">
          <reporter-output>
          </reporter-output>
        </test-method> <!-- verifyDiscountNumber2 -->
        <test-method is-config="true" signature="closeBrowser()[pri:0, instance:com.testing.FeeCalculatorPageTest@475e586c]" started-at="2026-06-07T23:29:11 IST" name="closeBrowser" finished-at="2026-06-07T23:29:11 IST" duration-ms="224" status="PASS">
          <reporter-output>
          </reporter-output>
        </test-method> <!-- closeBrowser -->
        <test-method is-config="true" signature="setup()[pri:0, instance:com.testing.FeeCalculatorPageTest@475e586c]" started-at="2026-06-07T23:29:11 IST" name="setup" finished-at="2026-06-07T23:29:12 IST" duration-ms="1369" status="PASS">
          <reporter-output>
          </reporter-output>
        </test-method> <!-- setup -->
        <test-method signature="verifystudentNamePlaceholder()[pri:0, instance:com.testing.FeeCalculatorPageTest@475e586c]" started-at="2026-06-07T23:29:12 IST" name="verifystudentNamePlaceholder" finished-at="2026-06-07T23:29:13 IST" duration-ms="51" status="PASS">
          <reporter-output>
          </reporter-output>
        </test-method> <!-- verifystudentNamePlaceholder -->
        <test-method is-config="true" signature="closeBrowser()[pri:0, instance:com.testing.FeeCalculatorPageTest@475e586c]" started-at="2026-06-07T23:29:13 IST" name="closeBrowser" finished-at="2026-06-07T23:29:13 IST" duration-ms="259" status="PASS">
          <reporter-output>
          </reporter-output>
        </test-method> <!-- closeBrowser -->
      </class> <!-- com.testing.FeeCalculatorPageTest -->
      <class name="com.testing.AppTest">
        <test-method is-config="true" signature="setup()[pri:0, instance:com.testing.AppTest@40e6dfe1]" started-at="2026-06-07T23:28:20 IST" name="setup" finished-at="2026-06-07T23:28:21 IST" duration-ms="1486" status="PASS">
          <reporter-output>
          </reporter-output>
        </test-method> <!-- setup -->
        <test-method signature="EmptyPassword()[pri:0, instance:com.testing.AppTest@40e6dfe1]" started-at="2026-06-07T23:28:21 IST" name="EmptyPassword" finished-at="2026-06-07T23:28:21 IST" duration-ms="208" status="PASS">
          <reporter-output>
          </reporter-output>
        </test-method> <!-- EmptyPassword -->
        <test-method is-config="true" signature="closeBrowser()[pri:0, instance:com.testing.AppTest@40e6dfe1]" started-at="2026-06-07T23:28:21 IST" name="closeBrowser" finished-at="2026-06-07T23:28:21 IST" duration-ms="142" status="PASS">
          <reporter-output>
          </reporter-output>
        </test-method> <!-- closeBrowser -->
        <test-method is-config="true" signature="setup()[pri:0, instance:com.testing.AppTest@40e6dfe1]" started-at="2026-06-07T23:28:21 IST" name="setup" finished-at="2026-06-07T23:28:22 IST" duration-ms="1076" status="PASS">
          <reporter-output>
          </reporter-output>
        </test-method> <!-- setup -->
        <test-method signature="InvalidPassword()[pri:0, instance:com.testing.AppTest@40e6dfe1]" started-at="2026-06-07T23:28:22 IST" name="InvalidPassword" finished-at="2026-06-07T23:28:23 IST" duration-ms="216" status="PASS">
          <reporter-output>
          </reporter-output>
        </test-method> <!-- InvalidPassword -->
        <test-method is-config="true" signature="closeBrowser()[pri:0, instance:com.testing.AppTest@40e6dfe1]" started-at="2026-06-07T23:28:23 IST" name="closeBrowser" finished-at="2026-06-07T23:28:23 IST" duration-ms="122" status="PASS">
          <reporter-output>
          </reporter-output>
        </test-method> <!-- closeBrowser -->
        <test-method is-config="true" signature="setup()[pri:0, instance:com.testing.AppTest@40e6dfe1]" started-at="2026-06-07T23:28:23 IST" name="setup" finished-at="2026-06-07T23:28:24 IST" duration-ms="1066" status="PASS">
          <reporter-output>
          </reporter-output>
        </test-method> <!-- setup -->
        <test-method signature="InvalidUser()[pri:0, instance:com.testing.AppTest@40e6dfe1]" started-at="2026-06-07T23:28:24 IST" name="InvalidUser" finished-at="2026-06-07T23:28:24 IST" duration-ms="210" status="PASS">
          <reporter-output>
          </reporter-output>
        </test-method> <!-- InvalidUser -->
        <test-method is-config="true" signature="closeBrowser()[pri:0, instance:com.testing.AppTest@40e6dfe1]" started-at="2026-06-07T23:28:24 IST" name="closeBrowser" finished-at="2026-06-07T23:28:24 IST" duration-ms="139" status="PASS">
          <reporter-output>
          </reporter-output>
        </test-method> <!-- closeBrowser -->
        <test-method is-config="true" signature="setup()[pri:0, instance:com.testing.AppTest@40e6dfe1]" started-at="2026-06-07T23:28:24 IST" name="setup" finished-at="2026-06-07T23:28:25 IST" duration-ms="1077" status="PASS">
          <reporter-output>
          </reporter-output>
        </test-method> <!-- setup -->
        <test-method signature="loginPageTitlet()[pri:0, instance:com.testing.AppTest@40e6dfe1]" started-at="2026-06-07T23:28:25 IST" name="loginPageTitlet" finished-at="2026-06-07T23:28:25 IST" duration-ms="9" status="PASS">
          <reporter-output>
          </reporter-output>
        </test-method> <!-- loginPageTitlet -->
        <test-method is-config="true" signature="closeBrowser()[pri:0, instance:com.testing.AppTest@40e6dfe1]" started-at="2026-06-07T23:28:25 IST" name="closeBrowser" finished-at="2026-06-07T23:28:26 IST" duration-ms="400" status="PASS">
          <reporter-output>
          </reporter-output>
        </test-method> <!-- closeBrowser -->
        <test-method is-config="true" signature="setup()[pri:0, instance:com.testing.AppTest@40e6dfe1]" started-at="2026-06-07T23:28:26 IST" name="setup" finished-at="2026-06-07T23:28:27 IST" duration-ms="1199" status="PASS">
          <reporter-output>
          </reporter-output>
        </test-method> <!-- setup -->
        <test-method signature="validCridential()[pri:0, instance:com.testing.AppTest@40e6dfe1]" started-at="2026-06-07T23:28:27 IST" name="validCridential" finished-at="2026-06-07T23:28:27 IST" duration-ms="414" status="PASS">
          <reporter-output>
          </reporter-output>
        </test-method> <!-- validCridential -->
        <test-method is-config="true" signature="closeBrowser()[pri:0, instance:com.testing.AppTest@40e6dfe1]" started-at="2026-06-07T23:28:27 IST" name="closeBrowser" finished-at="2026-06-07T23:28:27 IST" duration-ms="186" status="PASS">
          <reporter-output>
          </reporter-output>
        </test-method> <!-- closeBrowser -->
        <test-method is-config="true" signature="setup()[pri:0, instance:com.testing.AppTest@40e6dfe1]" started-at="2026-06-07T23:28:27 IST" name="setup" finished-at="2026-06-07T23:28:29 IST" duration-ms="1315" status="PASS">
          <reporter-output>
          </reporter-output>
        </test-method> <!-- setup -->
        <test-method signature="validateEmptyBox()[pri:0, instance:com.testing.AppTest@40e6dfe1]" started-at="2026-06-07T23:28:29 IST" name="validateEmptyBox" finished-at="2026-06-07T23:28:29 IST" duration-ms="224" status="PASS">
          <reporter-output>
          </reporter-output>
        </test-method> <!-- validateEmptyBox -->
        <test-method is-config="true" signature="closeBrowser()[pri:0, instance:com.testing.AppTest@40e6dfe1]" started-at="2026-06-07T23:28:29 IST" name="closeBrowser" finished-at="2026-06-07T23:28:29 IST" duration-ms="239" status="PASS">
          <reporter-output>
          </reporter-output>
        </test-method> <!-- closeBrowser -->
        <test-method is-config="true" signature="setup()[pri:0, instance:com.testing.AppTest@40e6dfe1]" started-at="2026-06-07T23:28:29 IST" name="setup" finished-at="2026-06-07T23:28:31 IST" duration-ms="1296" status="PASS">
          <reporter-output>
          </reporter-output>
        </test-method> <!-- setup -->
        <test-method signature="verifyPasswordPlaceholder()[pri:0, instance:com.testing.AppTest@40e6dfe1]" started-at="2026-06-07T23:28:31 IST" name="verifyPasswordPlaceholder" finished-at="2026-06-07T23:28:31 IST" duration-ms="59" status="PASS">
          <reporter-output>
          </reporter-output>
        </test-method> <!-- verifyPasswordPlaceholder -->
        <test-method is-config="true" signature="closeBrowser()[pri:0, instance:com.testing.AppTest@40e6dfe1]" started-at="2026-06-07T23:28:31 IST" name="closeBrowser" finished-at="2026-06-07T23:28:31 IST" duration-ms="364" status="PASS">
          <reporter-output>
          </reporter-output>
        </test-method> <!-- closeBrowser -->
        <test-method is-config="true" signature="setup()[pri:0, instance:com.testing.AppTest@40e6dfe1]" started-at="2026-06-07T23:28:31 IST" name="setup" finished-at="2026-06-07T23:28:32 IST" duration-ms="1361" status="PASS">
          <reporter-output>
          </reporter-output>
        </test-method> <!-- setup -->
        <test-method signature="verifyUsernamePlaceholder()[pri:0, instance:com.testing.AppTest@40e6dfe1]" started-at="2026-06-07T23:28:32 IST" name="verifyUsernamePlaceholder" finished-at="2026-06-07T23:28:32 IST" duration-ms="56" status="PASS">
          <reporter-output>
          </reporter-output>
        </test-method> <!-- verifyUsernamePlaceholder -->
        <test-method is-config="true" signature="closeBrowser()[pri:0, instance:com.testing.AppTest@40e6dfe1]" started-at="2026-06-07T23:28:32 IST" name="closeBrowser" finished-at="2026-06-07T23:28:33 IST" duration-ms="216" status="PASS">
          <reporter-output>
          </reporter-output>
        </test-method> <!-- closeBrowser -->
      </class> <!-- com.testing.AppTest -->
    </test> <!-- Surefire test -->
  </suite> <!-- Surefire suite -->
</testng-results>
