<?xml version="1.0" encoding="UTF-8"?>
<testsuite xmlns:xsi="http://www.w3.org/2001/XMLSchema-instance" xsi:noNamespaceSchemaLocation="https://maven.apache.org/surefire/maven-surefire-plugin/xsd/surefire-test-report.xsd" version="3.0.2" name="TestSuite" time="68.998" tests="35" errors="0" skipped="0" failures="0">
  <properties>
[...]
</properties>
  <testcase name="EmptyPassword" classname="com.testing.AppTest" time="0.207">
    <system-err><![CDATA[SLF4J: Failed to load class "org.slf4j.impl.StaticLoggerBinder".
SLF4J: Defaulting to no-operation (NOP) logger implementation
SLF4J: See http://www.slf4j.org/codes.html#StaticLoggerBinder for further details.
]]></system-err>
  </testcase>
  <testcase name="InvalidPassword" classname="com.testing.AppTest" time="0.215"/>
  <testcase name="InvalidUser" classname="com.testing.AppTest" time="0.21"/>
  <testcase name="loginPageTitlet" classname="com.testing.AppTest" time="0.009"/>
  <testcase name="validCridential" classname="com.testing.AppTest" time="0.414"/>
  <testcase name="validateEmptyBox" classname="com.testing.AppTest" time="0.224"/>
  <testcase name="verifyPasswordPlaceholder" classname="com.testing.AppTest" time="0.059"/>
  <testcase name="verifyUsernamePlaceholder" classname="com.testing.AppTest" time="0.056"/>
  <testcase name="CourseEnquiryPageTitlet" classname="com.testing.CourseEnquiryPageTest" time="0.016"/>
  <testcase name="courseTest" classname="com.testing.CourseEnquiryPageTest" time="0.59"/>
  <testcase name="invalidemail" classname="com.testing.CourseEnquiryPageTest" time="0.408"/>
  <testcase name="ivalidmobile" classname="com.testing.CourseEnquiryPageTest" time="0.489"/>
  <testcase name="usernameTest" classname="com.testing.CourseEnquiryPageTest" time="0.3"/>
  <testcase name="validateEmptyBox" classname="com.testing.CourseEnquiryPageTest" time="0.192"/>
  <testcase name="verifyCourseSelection" classname="com.testing.CourseEnquiryPageTest" time="1.017"/>
  <testcase name="verifyemailPlaceholder" classname="com.testing.CourseEnquiryPageTest" time="0.061"/>
  <testcase name="verifymobilePlaceholder" classname="com.testing.CourseEnquiryPageTest" time="0.073"/>
  <testcase name="verifystudentNamePlaceholder" classname="com.testing.CourseEnquiryPageTest" time="0.06"/>
  <testcase name="CalculateJavaFullStackfee" classname="com.testing.FeeCalculatorPageTest" time="0.589"/>
  <testcase name="CalculateSoftwareTestingfee" classname="com.testing.FeeCalculatorPageTest" time="0.627"/>
  <testcase name="FeeCalculatorPageTitlet" classname="com.testing.FeeCalculatorPageTest" time="0.019"/>
  <testcase name="validateEmptyBox" classname="com.testing.FeeCalculatorPageTest" time="0.246"/>
  <testcase name="verifyCourseSelection" classname="com.testing.FeeCalculatorPageTest" time="0.415"/>
  <testcase name="verifyDiscountNumber" classname="com.testing.FeeCalculatorPageTest" time="0.603"/>
  <testcase name="verifyDiscountNumber1" classname="com.testing.FeeCalculatorPageTest" time="0.492"/>
  <testcase name="verifyDiscountNumber2" classname="com.testing.FeeCalculatorPageTest" time="0.561"/>
  <testcase name="verifystudentNamePlaceholder" classname="com.testing.FeeCalculatorPageTest" time="0.051"/>
  <testcase name="FeedbackPageTitlet" classname="com.testing.FeedbackPageTest" time="0.016"/>
  <testcase name="testRatingRequired" classname="com.testing.FeedbackPageTest" time="0.379"/>
  <testcase name="testcommentsRequired" classname="com.testing.FeedbackPageTest" time="0.547"/>
  <testcase name="validateEmptyBox" classname="com.testing.FeedbackPageTest" time="0.197"/>
  <testcase name="validateFeedbacksubmit" classname="com.testing.FeedbackPageTest" time="0.719"/>
  <testcase name="validateconfirmation" classname="com.testing.FeedbackPageTest" time="0.643"/>
  <testcase name="verifycommentsPlaceholder" classname="com.testing.FeedbackPageTest" time="0.06"/>
  <testcase name="verifystudentNamePlaceholder" classname="com.testing.FeedbackPageTest" time="0.052"/>
</testsuite>