<?xml version="1.0" encoding="UTF-8"?>
<!-- Generated by org.testng.reporters.JUnitXMLReporter -->
<testsuite ignored="0" hostname="keerthana" failures="0" tests="35" name="Surefire test" time="68.456" errors="0" timestamp="2026-06-07T23:29:28 IST">
  <testcase classname="com.testing.AppTest" name="EmptyPassword" time="0.208"/>
  <testcase classname="com.testing.AppTest" name="InvalidPassword" time="0.216"/>
  <testcase classname="com.testing.AppTest" name="InvalidUser" time="0.21"/>
  <testcase classname="com.testing.AppTest" name="loginPageTitlet" time="0.009"/>
  <testcase classname="com.testing.AppTest" name="validCridential" time="0.414"/>
  <testcase classname="com.testing.AppTest" name="validateEmptyBox" time="0.224"/>
  <testcase classname="com.testing.AppTest" name="verifyPasswordPlaceholder" time="0.059"/>
  <testcase classname="com.testing.AppTest" name="verifyUsernamePlaceholder" time="0.056"/>
  <testcase classname="com.testing.CourseEnquiryPageTest" name="CourseEnquiryPageTitlet" time="0.015"/>
  <testcase classname="com.testing.CourseEnquiryPageTest" name="courseTest" time="0.591"/>
  <testcase classname="com.testing.CourseEnquiryPageTest" name="invalidemail" time="0.408"/>
  <testcase classname="com.testing.CourseEnquiryPageTest" name="ivalidmobile" time="0.489"/>
  <testcase classname="com.testing.CourseEnquiryPageTest" name="usernameTest" time="0.3"/>
  <testcase classname="com.testing.CourseEnquiryPageTest" name="validateEmptyBox" time="0.192"/>
  <testcase classname="com.testing.CourseEnquiryPageTest" name="verifyCourseSelection" time="1.017"/>
  <testcase classname="com.testing.CourseEnquiryPageTest" name="verifyemailPlaceholder" time="0.059"/>
  <testcase classname="com.testing.CourseEnquiryPageTest" name="verifymobilePlaceholder" time="0.072"/>
  <testcase classname="com.testing.CourseEnquiryPageTest" name="verifystudentNamePlaceholder" time="0.061"/>
  <testcase classname="com.testing.FeeCalculatorPageTest" name="CalculateJavaFullStackfee" time="0.591"/>
  <testcase classname="com.testing.FeeCalculatorPageTest" name="CalculateSoftwareTestingfee" time="0.627"/>
  <testcase classname="com.testing.FeeCalculatorPageTest" name="FeeCalculatorPageTitlet" time="0.019"/>
  <testcase classname="com.testing.FeeCalculatorPageTest" name="validateEmptyBox" time="0.247"/>
  <testcase classname="com.testing.FeeCalculatorPageTest" name="verifyCourseSelection" time="0.415"/>
  <testcase classname="com.testing.FeeCalculatorPageTest" name="verifyDiscountNumber" time="0.603"/>
  <testcase classname="com.testing.FeeCalculatorPageTest" name="verifyDiscountNumber1" time="0.493"/>
  <testcase classname="com.testing.FeeCalculatorPageTest" name="verifyDiscountNumber2" time="0.561"/>
  <testcase classname="com.testing.FeeCalculatorPageTest" name="verifystudentNamePlaceholder" time="0.051"/>
  <testcase classname="com.testing.FeedbackPageTest" name="FeedbackPageTitlet" time="0.016"/>
  <testcase classname="com.testing.FeedbackPageTest" name="testRatingRequired" time="0.379"/>
  <testcase classname="com.testing.FeedbackPageTest" name="testcommentsRequired" time="0.547"/>
  <testcase classname="com.testing.FeedbackPageTest" name="validateEmptyBox" time="0.197"/>
  <testcase classname="com.testing.FeedbackPageTest" name="validateFeedbacksubmit" time="0.72"/>
  <testcase classname="com.testing.FeedbackPageTest" name="validateconfirmation" time="0.644"/>
  <testcase classname="com.testing.FeedbackPageTest" name="verifycommentsPlaceholder" time="0.06"/>
  <testcase classname="com.testing.FeedbackPageTest" name="verifystudentNamePlaceholder" time="0.05"/>
</testsuite> <!-- Surefire test -->
